<?xml version="1.0" encoding="UTF-8"?>
<!-- Generated by org.testng.reporters.JUnitReportReporter -->
<testsuite hostname="qewbye" failures="0" tests="3" name="ua.khpi.oop.lab06.DroneDeliveryTest" time="0.001" errors="0" timestamp="2026-06-01T11:25:17 EEST" skipped="0">
  <testcase classname="ua.khpi.oop.lab06.DroneDeliveryTest" name="droneDeliveryShouldCalculatePrice" time="0.000"/>
  <testcase classname="ua.khpi.oop.lab06.DroneDeliveryTest" name="droneDeliveryInfoShouldContainMainData" time="0.000"/>
  <testcase classname="ua.khpi.oop.lab06.DroneDeliveryTest" name="droneDeliveryShouldStoreOwnAndBaseFields" time="0.001"/>
</testsuite> <!-- ua.khpi.oop.lab06.DroneDeliveryTest -->
