<?xml version="1.0" encoding="UTF-8"?>
<!-- Generated by org.testng.reporters.JUnitXMLReporter -->
<testsuite ignored="0" hostname="qewbye" failures="0" tests="10" name="Surefire test" time="0.047" errors="0" timestamp="2026-05-31T20:46:20 EEST">
  <testcase classname="ua.khpi.oop.lab05.BuildingTest" name="constructorSetsFields" time="0.006"/>
  <testcase classname="ua.khpi.oop.lab05.BuildingTest" name="descriptionReturnsCorrectText" time="0.0"/>
  <testcase classname="ua.khpi.oop.lab05.EducationalBuildingTest" name="educationalBuildingDescriptionShouldContainMainInformation" time="0.001"/>
  <testcase classname="ua.khpi.oop.lab05.EducationalBuildingTest" name="educationalBuildingShouldStoreOwnAndParentFields" time="0.0"/>
  <testcase classname="ua.khpi.oop.lab05.MedicalBuildingTest" name="medicalBuildingDescriptionShouldContainMainInformation" time="0.002"/>
  <testcase classname="ua.khpi.oop.lab05.MedicalBuildingTest" name="medicalBuildingShouldStoreOwnAndParentFields" time="0.001"/>
  <testcase classname="ua.khpi.oop.lab05.PublicBuildingTest" name="publicBuildingDescriptionShouldContainMainInformation" time="0.0"/>
  <testcase classname="ua.khpi.oop.lab05.PublicBuildingTest" name="publicBuildingShouldStoreOwnAndParentFields" time="0.0"/>
  <testcase classname="ua.khpi.oop.lab05.UniversityCampusBuildingTest" name="universityCampusBuildingDescriptionShouldContainAllInformation" time="0.001"/>
  <testcase classname="ua.khpi.oop.lab05.UniversityCampusBuildingTest" name="universityCampusBuildingShouldStoreAllFields" time="0.0"/>
</testsuite> <!-- Surefire test -->
