<?xml version="1.0" encoding="UTF-8"?>
<testng-results ignored="0" total="11" passed="11" failed="0" skipped="0">
  <reporter-output>
  </reporter-output>
  <suite started-at="2026-05-31T09:38:20 EEST" name="Surefire suite" finished-at="2026-05-31T09:38:20 EEST" duration-ms="53">
    <groups>
      <group name="negative">
        <method signature="SportsClubTest.enrollStudent_nullStudent_throwsNPE()[pri:0, instance:ua.khpi.oop.lab04.SportsClubTest@4387b79e]" name="enrollStudent_nullStudent_throwsNPE" class="ua.khpi.oop.lab04.SportsClubTest"/>
      </group> <!-- negative -->
      <group name="domain">
        <method signature="CoachTest.testCoachToString()[pri:0, instance:ua.khpi.oop.lab04.CoachTest@5e4c8041]" name="testCoachToString" class="ua.khpi.oop.lab04.CoachTest"/>
        <method signature="ScheduleTest.testScheduleFormat()[pri:0, instance:ua.khpi.oop.lab04.ScheduleTest@8909f18]" name="testScheduleFormat" class="ua.khpi.oop.lab04.ScheduleTest"/>
        <method signature="SportSectionTest.testSectionGetters()[pri:0, instance:ua.khpi.oop.lab04.SportSectionTest@3c72f59f]" name="testSectionGetters" class="ua.khpi.oop.lab04.SportSectionTest"/>
        <method signature="SportsClubTest.testEnrollStudent()[pri:0, instance:ua.khpi.oop.lab04.SportsClubTest@4387b79e]" name="testEnrollStudent" class="ua.khpi.oop.lab04.SportsClubTest"/>
        <method signature="StudentTest.testStudentCreation(java.lang.String)[pri:0, instance:ua.khpi.oop.lab04.StudentTest@60dcc9fe]" name="testStudentCreation" class="ua.khpi.oop.lab04.StudentTest"/>
      </group> <!-- domain -->
      <group name="smoke">
        <method signature="EnrollmentTest.testEnrollmentToString()[pri:0, instance:ua.khpi.oop.lab04.EnrollmentTest@78047b92]" name="testEnrollmentToString" class="ua.khpi.oop.lab04.EnrollmentTest"/>
        <method signature="SportSectionTest.testSectionToStringContainsDependencies()[pri:0, instance:ua.khpi.oop.lab04.SportSectionTest@3c72f59f]" name="testSectionToStringContainsDependencies" class="ua.khpi.oop.lab04.SportSectionTest"/>
        <method signature="SportsClubTest.testClubInitialization()[pri:0, instance:ua.khpi.oop.lab04.SportsClubTest@4387b79e]" name="testClubInitialization" class="ua.khpi.oop.lab04.SportsClubTest"/>
      </group> <!-- smoke -->
    </groups>
    <test started-at="2026-05-31T09:38:20 EEST" name="Surefire test" finished-at="2026-05-31T09:38:20 EEST" duration-ms="53">
      <class name="ua.khpi.oop.lab04.ScheduleTest">
        <test-method signature="testScheduleFormat()[pri:0, instance:ua.khpi.oop.lab04.ScheduleTest@8909f18]" started-at="2026-05-31T09:38:20 EEST" name="testScheduleFormat" finished-at="2026-05-31T09:38:20 EEST" duration-ms="0" status="PASS">
          <reporter-output>
          </reporter-output>
        </test-method> <!-- testScheduleFormat -->
      </class> <!-- ua.khpi.oop.lab04.ScheduleTest -->
      <class name="ua.khpi.oop.lab04.CoachTest">
        <test-method signature="testCoachToString()[pri:0, instance:ua.khpi.oop.lab04.CoachTest@5e4c8041]" started-at="2026-05-31T09:38:20 EEST" name="testCoachToString" finished-at="2026-05-31T09:38:20 EEST" duration-ms="5" status="PASS">
          <reporter-output>
          </reporter-output>
        </test-method> <!-- testCoachToString -->
      </class> <!-- ua.khpi.oop.lab04.CoachTest -->
      <class name="ua.khpi.oop.lab04.StudentTest">
        <test-method signature="testStudentCreation(java.lang.String)[pri:0, instance:ua.khpi.oop.lab04.StudentTest@60dcc9fe]" started-at="2026-05-31T09:38:20 EEST" name="testStudentCreation" data-provider="studentNames" finished-at="2026-05-31T09:38:20 EEST" duration-ms="1" status="PASS">
          <params>
            <param index="0">
              <value>
                <![CDATA[Артем Колісніченко]]>
              </value>
            </param>
          </params>
          <reporter-output>
          </reporter-output>
        </test-method> <!-- testStudentCreation -->
        <test-method signature="testStudentCreation(java.lang.String)[pri:0, instance:ua.khpi.oop.lab04.StudentTest@60dcc9fe]" started-at="2026-05-31T09:38:20 EEST" name="testStudentCreation" data-provider="studentNames" finished-at="2026-05-31T09:38:20 EEST" duration-ms="1" status="PASS">
          <params>
            <param index="0">
              <value>
                <![CDATA[Іван Іванов]]>
              </value>
            </param>
          </params>
          <reporter-output>
          </reporter-output>
        </test-method> <!-- testStudentCreation -->
        <test-method signature="testStudentCreation(java.lang.String)[pri:0, instance:ua.khpi.oop.lab04.StudentTest@60dcc9fe]" started-at="2026-05-31T09:38:20 EEST" name="testStudentCreation" data-provider="studentNames" finished-at="2026-05-31T09:38:20 EEST" duration-ms="0" status="PASS">
          <params>
            <param index="0">
              <value>
                <![CDATA[Олена Петрівна]]>
              </value>
            </param>
          </params>
          <reporter-output>
          </reporter-output>
        </test-method> <!-- testStudentCreation -->
      </class> <!-- ua.khpi.oop.lab04.StudentTest -->
      <class name="ua.khpi.oop.lab04.SportsClubTest">
        <test-method is-config="true" signature="setUp()[pri:0, instance:ua.khpi.oop.lab04.SportsClubTest@4387b79e]" started-at="2026-05-31T09:38:20 EEST" name="setUp" finished-at="2026-05-31T09:38:20 EEST" duration-ms="3" status="PASS">
          <reporter-output>
          </reporter-output>
        </test-method> <!-- setUp -->
        <test-method signature="enrollStudent_nullStudent_throwsNPE()[pri:0, instance:ua.khpi.oop.lab04.SportsClubTest@4387b79e]" started-at="2026-05-31T09:38:20 EEST" name="enrollStudent_nullStudent_throwsNPE" finished-at="2026-05-31T09:38:20 EEST" duration-ms="1" status="PASS">
          <exception class="java.lang.NullPointerException">
            <message>
              <![CDATA[Cannot invoke "ua.khpi.oop.lab04.Student.getName()" because "this.student" is null]]>
            </message>
            <full-stacktrace>
              <![CDATA[java.lang.NullPointerException: Cannot invoke "ua.khpi.oop.lab04.Student.getName()" because "this.student" is null
at ua.khpi.oop.lab04.Enrollment.toString(Enrollment.java:16)
at ua.khpi.oop.lab04.SportsClubTest.enrollStudent_nullStudent_throwsNPE(SportsClubTest.java:39)
at java.base/jdk.internal.reflect.DirectMethodHandleAccessor.invoke(DirectMethodHandleAccessor.java:103)
at java.base/java.lang.reflect.Method.invoke(Method.java:580)
at org.testng.internal.invokers.MethodInvocationHelper.invokeMethod(MethodInvocationHelper.java:139)
at org.testng.internal.invokers.TestInvoker.invokeMethod(TestInvoker.java:664)
at org.testng.internal.invokers.TestInvoker.invokeTestMethod(TestInvoker.java:227)
at org.testng.internal.invokers.MethodRunner.runInSequence(MethodRunner.java:50)
at org.testng.internal.invokers.TestInvoker$MethodInvocationAgent.invoke(TestInvoker.java:957)
at org.testng.internal.invokers.TestInvoker.invokeTestMethods(TestInvoker.java:200)
at org.testng.internal.invokers.TestMethodWorker.invokeTestMethods(TestMethodWorker.java:148)
at org.testng.internal.invokers.TestMethodWorker.run(TestMethodWorker.java:128)
at java.base/java.util.ArrayList.forEach(ArrayList.java:1596)
at org.testng.TestRunner.privateRun(TestRunner.java:848)
at org.testng.TestRunner.run(TestRunner.java:621)
at org.testng.SuiteRunner.runTest(SuiteRunner.java:443)
at org.testng.SuiteRunner.runSequentially(SuiteRunner.java:437)
at org.testng.SuiteRunner.privateRun(SuiteRunner.java:397)
at org.testng.SuiteRunner.run(SuiteRunner.java:336)
at org.testng.SuiteRunnerWorker.runSuite(SuiteRunnerWorker.java:52)
at org.testng.SuiteRunnerWorker.run(SuiteRunnerWorker.java:95)
at org.testng.TestNG.runSuitesSequentially(TestNG.java:1280)
at org.testng.TestNG.runSuitesLocally(TestNG.java:1200)
at org.testng.TestNG.runSuites(TestNG.java:1114)
at org.testng.TestNG.run(TestNG.java:1082)
at org.apache.maven.surefire.testng.TestNGExecutor.run(TestNGExecutor.java:155)
at org.apache.maven.surefire.testng.TestNGDirectoryTestSuite.executeMulti(TestNGDirectoryTestSuite.java:169)
at org.apache.maven.surefire.testng.TestNGDirectoryTestSuite.execute(TestNGDirectoryTestSuite.java:88)
at org.apache.maven.surefire.testng.TestNGProvider.invoke(TestNGProvider.java:137)
at org.apache.maven.surefire.booter.ForkedBooter.runSuitesInProcess(ForkedBooter.java:385)
at org.apache.maven.surefire.booter.ForkedBooter.execute(ForkedBooter.java:162)
at org.apache.maven.surefire.booter.ForkedBooter.run(ForkedBooter.java:507)
at org.apache.maven.surefire.booter.ForkedBooter.main(ForkedBooter.java:495)
]]>
            </full-stacktrace>
          </exception> <!-- java.lang.NullPointerException -->
          <reporter-output>
          </reporter-output>
        </test-method> <!-- enrollStudent_nullStudent_throwsNPE -->
        <test-method signature="testClubInitialization()[pri:0, instance:ua.khpi.oop.lab04.SportsClubTest@4387b79e]" started-at="2026-05-31T09:38:20 EEST" name="testClubInitialization" finished-at="2026-05-31T09:38:20 EEST" duration-ms="1" status="PASS">
          <reporter-output>
          </reporter-output>
        </test-method> <!-- testClubInitialization -->
        <test-method is-config="true" signature="setUp()[pri:0, instance:ua.khpi.oop.lab04.SportsClubTest@4387b79e]" started-at="2026-05-31T09:38:20 EEST" name="setUp" finished-at="2026-05-31T09:38:20 EEST" duration-ms="0" status="PASS">
          <reporter-output>
          </reporter-output>
        </test-method> <!-- setUp -->
        <test-method is-config="true" signature="setUp()[pri:0, instance:ua.khpi.oop.lab04.SportsClubTest@4387b79e]" started-at="2026-05-31T09:38:20 EEST" name="setUp" finished-at="2026-05-31T09:38:20 EEST" duration-ms="1" status="PASS">
          <reporter-output>
          </reporter-output>
        </test-method> <!-- setUp -->
        <test-method signature="testEnrollStudent()[pri:0, instance:ua.khpi.oop.lab04.SportsClubTest@4387b79e]" started-at="2026-05-31T09:38:20 EEST" name="testEnrollStudent" finished-at="2026-05-31T09:38:20 EEST" duration-ms="0" status="PASS">
          <reporter-output>
          </reporter-output>
        </test-method> <!-- testEnrollStudent -->
      </class> <!-- ua.khpi.oop.lab04.SportsClubTest -->
      <class name="ua.khpi.oop.lab04.EnrollmentTest">
        <test-method signature="testEnrollmentToString()[pri:0, instance:ua.khpi.oop.lab04.EnrollmentTest@78047b92]" started-at="2026-05-31T09:38:20 EEST" name="testEnrollmentToString" finished-at="2026-05-31T09:38:20 EEST" duration-ms="2" status="PASS">
          <reporter-output>
          </reporter-output>
        </test-method> <!-- testEnrollmentToString -->
      </class> <!-- ua.khpi.oop.lab04.EnrollmentTest -->
      <class name="ua.khpi.oop.lab04.SportSectionTest">
        <test-method signature="testSectionGetters()[pri:0, instance:ua.khpi.oop.lab04.SportSectionTest@3c72f59f]" started-at="2026-05-31T09:38:20 EEST" name="testSectionGetters" finished-at="2026-05-31T09:38:20 EEST" duration-ms="0" status="PASS">
          <reporter-output>
          </reporter-output>
        </test-method> <!-- testSectionGetters -->
        <test-method signature="testSectionToStringContainsDependencies()[pri:0, instance:ua.khpi.oop.lab04.SportSectionTest@3c72f59f]" started-at="2026-05-31T09:38:20 EEST" name="testSectionToStringContainsDependencies" finished-at="2026-05-31T09:38:20 EEST" duration-ms="0" status="PASS">
          <reporter-output>
          </reporter-output>
        </test-method> <!-- testSectionToStringContainsDependencies -->
      </class> <!-- ua.khpi.oop.lab04.SportSectionTest -->
    </test> <!-- Surefire test -->
  </suite> <!-- Surefire suite -->
</testng-results>
