<?xml version="1.0" encoding="UTF-8"?>
<!-- Generated by org.testng.reporters.JUnitXMLReporter -->
<testsuite ignored="0" hostname="qewbye" failures="0" tests="11" name="Surefire test" time="0.053" errors="0" timestamp="2026-05-31T09:38:20 EEST">
  <testcase classname="ua.khpi.oop.lab04.CoachTest" name="testCoachToString" time="0.005"/>
  <testcase classname="ua.khpi.oop.lab04.EnrollmentTest" name="testEnrollmentToString" time="0.002"/>
  <testcase classname="ua.khpi.oop.lab04.ScheduleTest" name="testScheduleFormat" time="0.0"/>
  <testcase classname="ua.khpi.oop.lab04.SportsClubTest" name="enrollStudent_nullStudent_throwsNPE" time="0.001"/>
  <testcase classname="ua.khpi.oop.lab04.SportsClubTest" name="testClubInitialization" time="0.001"/>
  <testcase classname="ua.khpi.oop.lab04.SportsClubTest" name="testEnrollStudent" time="0.0"/>
  <testcase classname="ua.khpi.oop.lab04.SportSectionTest" name="testSectionGetters" time="0.0"/>
  <testcase classname="ua.khpi.oop.lab04.SportSectionTest" name="testSectionToStringContainsDependencies" time="0.0"/>
  <testcase classname="ua.khpi.oop.lab04.StudentTest" name="testStudentCreation" time="0.001"/>
  <testcase classname="ua.khpi.oop.lab04.StudentTest" name="testStudentCreation" time="0.001"/>
  <testcase classname="ua.khpi.oop.lab04.StudentTest" name="testStudentCreation" time="0.0"/>
</testsuite> <!-- Surefire test -->
