<?xml version="1.0" encoding="UTF-8"?>
<testsuite xmlns:xsi="http://www.w3.org/2001/XMLSchema-instance" xsi:noNamespaceSchemaLocation="https://maven.apache.org/surefire/maven-surefire-plugin/xsd/surefire-test-report-3.0.xsd" version="3.0" name="TestSuite" time="0.431" tests="11" errors="0" skipped="0" failures="0">
  <properties>
[...]
</properties>
  <testcase name="courierDeliveryInfoShouldContainMainData" classname="ua.khpi.oop.lab06.CourierDeliveryTest" time="0.007">
    <system-err><![CDATA[SLF4J: Failed to load class "org.slf4j.impl.StaticLoggerBinder".
SLF4J: Defaulting to no-operation (NOP) logger implementation
SLF4J: See http://www.slf4j.org/codes.html#StaticLoggerBinder for further details.
]]></system-err>
  </testcase>
  <testcase name="courierDeliveryShouldCalculatePrice" classname="ua.khpi.oop.lab06.CourierDeliveryTest" time="0.0"/>
  <testcase name="courierDeliveryShouldStoreOwnAndBaseFields" classname="ua.khpi.oop.lab06.CourierDeliveryTest" time="0.0"/>
  <testcase name="shouldCallCalculatePriceThroughBaseType" classname="ua.khpi.oop.lab06.DeliveryMethodPolymorphismTest" time="0.0"/>
  <testcase name="shouldUseConcreteInfoThroughBaseType" classname="ua.khpi.oop.lab06.DeliveryMethodPolymorphismTest" time="0.001"/>
  <testcase name="droneDeliveryInfoShouldContainMainData" classname="ua.khpi.oop.lab06.DroneDeliveryTest" time="0.0"/>
  <testcase name="droneDeliveryShouldCalculatePrice" classname="ua.khpi.oop.lab06.DroneDeliveryTest" time="0.0"/>
  <testcase name="droneDeliveryShouldStoreOwnAndBaseFields" classname="ua.khpi.oop.lab06.DroneDeliveryTest" time="0.0"/>
  <testcase name="parcelLockerDeliveryInfoShouldContainMainData" classname="ua.khpi.oop.lab06.ParcelLockerDeliveryTest" time="0.0"/>
  <testcase name="parcelLockerDeliveryShouldCalculatePrice" classname="ua.khpi.oop.lab06.ParcelLockerDeliveryTest" time="0.0"/>
  <testcase name="parcelLockerDeliveryShouldStoreOwnAndBaseFields" classname="ua.khpi.oop.lab06.ParcelLockerDeliveryTest" time="0.001"/>
</testsuite>