<?xml version="1.0" encoding="UTF-8"?>
<testng-results ignored="0" total="11" passed="11" failed="0" skipped="0">
  <reporter-output>
  </reporter-output>
  <suite started-at="2026-06-01T11:25:17 EEST" name="Surefire suite" finished-at="2026-06-01T11:25:17 EEST" duration-ms="52">
    <groups>
    </groups>
    <test started-at="2026-06-01T11:25:17 EEST" name="Surefire test" finished-at="2026-06-01T11:25:17 EEST" duration-ms="52">
      <class name="ua.khpi.oop.lab06.DroneDeliveryTest">
        <test-method signature="droneDeliveryInfoShouldContainMainData()[pri:0, instance:ua.khpi.oop.lab06.DroneDeliveryTest@143640d5]" started-at="2026-06-01T11:25:17 EEST" name="droneDeliveryInfoShouldContainMainData" finished-at="2026-06-01T11:25:17 EEST" duration-ms="0" status="PASS">
          <reporter-output>
          </reporter-output>
        </test-method> <!-- droneDeliveryInfoShouldContainMainData -->
        <test-method signature="droneDeliveryShouldCalculatePrice()[pri:0, instance:ua.khpi.oop.lab06.DroneDeliveryTest@143640d5]" started-at="2026-06-01T11:25:17 EEST" name="droneDeliveryShouldCalculatePrice" finished-at="2026-06-01T11:25:17 EEST" duration-ms="0" status="PASS">
          <reporter-output>
          </reporter-output>
        </test-method> <!-- droneDeliveryShouldCalculatePrice -->
        <test-method signature="droneDeliveryShouldStoreOwnAndBaseFields()[pri:0, instance:ua.khpi.oop.lab06.DroneDeliveryTest@143640d5]" started-at="2026-06-01T11:25:17 EEST" name="droneDeliveryShouldStoreOwnAndBaseFields" finished-at="2026-06-01T11:25:17 EEST" duration-ms="1" status="PASS">
          <reporter-output>
          </reporter-output>
        </test-method> <!-- droneDeliveryShouldStoreOwnAndBaseFields -->
      </class> <!-- ua.khpi.oop.lab06.DroneDeliveryTest -->
      <class name="ua.khpi.oop.lab06.CourierDeliveryTest">
        <test-method signature="courierDeliveryInfoShouldContainMainData()[pri:0, instance:ua.khpi.oop.lab06.CourierDeliveryTest@7920ba90]" started-at="2026-06-01T11:25:17 EEST" name="courierDeliveryInfoShouldContainMainData" finished-at="2026-06-01T11:25:17 EEST" duration-ms="8" status="PASS">
          <reporter-output>
          </reporter-output>
        </test-method> <!-- courierDeliveryInfoShouldContainMainData -->
        <test-method signature="courierDeliveryShouldCalculatePrice()[pri:0, instance:ua.khpi.oop.lab06.CourierDeliveryTest@7920ba90]" started-at="2026-06-01T11:25:17 EEST" name="courierDeliveryShouldCalculatePrice" finished-at="2026-06-01T11:25:17 EEST" duration-ms="1" status="PASS">
          <reporter-output>
          </reporter-output>
        </test-method> <!-- courierDeliveryShouldCalculatePrice -->
        <test-method signature="courierDeliveryShouldStoreOwnAndBaseFields()[pri:0, instance:ua.khpi.oop.lab06.CourierDeliveryTest@7920ba90]" started-at="2026-06-01T11:25:17 EEST" name="courierDeliveryShouldStoreOwnAndBaseFields" finished-at="2026-06-01T11:25:17 EEST" duration-ms="0" status="PASS">
          <reporter-output>
          </reporter-output>
        </test-method> <!-- courierDeliveryShouldStoreOwnAndBaseFields -->
      </class> <!-- ua.khpi.oop.lab06.CourierDeliveryTest -->
      <class name="ua.khpi.oop.lab06.DeliveryMethodPolymorphismTest">
        <test-method signature="shouldCallCalculatePriceThroughBaseType()[pri:0, instance:ua.khpi.oop.lab06.DeliveryMethodPolymorphismTest@21507a04]" started-at="2026-06-01T11:25:17 EEST" name="shouldCallCalculatePriceThroughBaseType" finished-at="2026-06-01T11:25:17 EEST" duration-ms="1" status="PASS">
          <reporter-output>
          </reporter-output>
        </test-method> <!-- shouldCallCalculatePriceThroughBaseType -->
        <test-method signature="shouldUseConcreteInfoThroughBaseType()[pri:0, instance:ua.khpi.oop.lab06.DeliveryMethodPolymorphismTest@21507a04]" started-at="2026-06-01T11:25:17 EEST" name="shouldUseConcreteInfoThroughBaseType" finished-at="2026-06-01T11:25:17 EEST" duration-ms="1" status="PASS">
          <reporter-output>
          </reporter-output>
        </test-method> <!-- shouldUseConcreteInfoThroughBaseType -->
      </class> <!-- ua.khpi.oop.lab06.DeliveryMethodPolymorphismTest -->
      <class name="ua.khpi.oop.lab06.ParcelLockerDeliveryTest">
        <test-method signature="parcelLockerDeliveryInfoShouldContainMainData()[pri:0, instance:ua.khpi.oop.lab06.ParcelLockerDeliveryTest@6295d394]" started-at="2026-06-01T11:25:17 EEST" name="parcelLockerDeliveryInfoShouldContainMainData" finished-at="2026-06-01T11:25:17 EEST" duration-ms="1" status="PASS">
          <reporter-output>
          </reporter-output>
        </test-method> <!-- parcelLockerDeliveryInfoShouldContainMainData -->
        <test-method signature="parcelLockerDeliveryShouldCalculatePrice()[pri:0, instance:ua.khpi.oop.lab06.ParcelLockerDeliveryTest@6295d394]" started-at="2026-06-01T11:25:17 EEST" name="parcelLockerDeliveryShouldCalculatePrice" finished-at="2026-06-01T11:25:17 EEST" duration-ms="1" status="PASS">
          <reporter-output>
          </reporter-output>
        </test-method> <!-- parcelLockerDeliveryShouldCalculatePrice -->
        <test-method signature="parcelLockerDeliveryShouldStoreOwnAndBaseFields()[pri:0, instance:ua.khpi.oop.lab06.ParcelLockerDeliveryTest@6295d394]" started-at="2026-06-01T11:25:17 EEST" name="parcelLockerDeliveryShouldStoreOwnAndBaseFields" finished-at="2026-06-01T11:25:17 EEST" duration-ms="1" status="PASS">
          <reporter-output>
          </reporter-output>
        </test-method> <!-- parcelLockerDeliveryShouldStoreOwnAndBaseFields -->
      </class> <!-- ua.khpi.oop.lab06.ParcelLockerDeliveryTest -->
    </test> <!-- Surefire test -->
  </suite> <!-- Surefire suite -->
</testng-results>
