<?xml version="1.0" encoding="UTF-8"?>
<!-- Generated by org.testng.reporters.JUnitXMLReporter -->
<testsuite ignored="0" hostname="qewbye" failures="0" tests="11" name="Surefire test" time="0.052" errors="0" timestamp="2026-06-01T11:25:17 EEST">
  <testcase classname="ua.khpi.oop.lab06.CourierDeliveryTest" name="courierDeliveryInfoShouldContainMainData" time="0.008"/>
  <testcase classname="ua.khpi.oop.lab06.CourierDeliveryTest" name="courierDeliveryShouldCalculatePrice" time="0.001"/>
  <testcase classname="ua.khpi.oop.lab06.CourierDeliveryTest" name="courierDeliveryShouldStoreOwnAndBaseFields" time="0.0"/>
  <testcase classname="ua.khpi.oop.lab06.DeliveryMethodPolymorphismTest" name="shouldCallCalculatePriceThroughBaseType" time="0.001"/>
  <testcase classname="ua.khpi.oop.lab06.DeliveryMethodPolymorphismTest" name="shouldUseConcreteInfoThroughBaseType" time="0.001"/>
  <testcase classname="ua.khpi.oop.lab06.DroneDeliveryTest" name="droneDeliveryInfoShouldContainMainData" time="0.0"/>
  <testcase classname="ua.khpi.oop.lab06.DroneDeliveryTest" name="droneDeliveryShouldCalculatePrice" time="0.0"/>
  <testcase classname="ua.khpi.oop.lab06.DroneDeliveryTest" name="droneDeliveryShouldStoreOwnAndBaseFields" time="0.001"/>
  <testcase classname="ua.khpi.oop.lab06.ParcelLockerDeliveryTest" name="parcelLockerDeliveryInfoShouldContainMainData" time="0.001"/>
  <testcase classname="ua.khpi.oop.lab06.ParcelLockerDeliveryTest" name="parcelLockerDeliveryShouldCalculatePrice" time="0.001"/>
  <testcase classname="ua.khpi.oop.lab06.ParcelLockerDeliveryTest" name="parcelLockerDeliveryShouldStoreOwnAndBaseFields" time="0.001"/>
</testsuite> <!-- Surefire test -->
