<?xml version="1.0" encoding="UTF-8"?>
<!-- Generated by org.testng.reporters.JUnitReportReporter -->
<testsuite hostname="qewbye" failures="0" tests="3" name="ua.khpi.oop.lab04.SportsClubTest" time="0.006" errors="0" timestamp="2026-05-31T09:38:20 EEST" skipped="0">
  <testcase classname="ua.khpi.oop.lab04.SportsClubTest" name="testClubInitialization" time="0.004"/>
  <testcase classname="ua.khpi.oop.lab04.SportsClubTest" name="testEnrollStudent" time="0.001"/>
  <testcase classname="ua.khpi.oop.lab04.SportsClubTest" name="enrollStudent_nullStudent_throwsNPE" time="0.001"/>
</testsuite> <!-- ua.khpi.oop.lab04.SportsClubTest -->
