<?xml version="1.0" encoding="UTF-8"?>
<!-- Generated by org.testng.reporters.JUnitReportReporter -->
<testsuite hostname="qewbye" failures="0" tests="2" name="ua.khpi.oop.lab04.SportSectionTest" time="0.000" errors="0" timestamp="2026-05-31T09:38:20 EEST" skipped="0">
  <testcase classname="ua.khpi.oop.lab04.SportSectionTest" name="testSectionGetters" time="0.000"/>
  <testcase classname="ua.khpi.oop.lab04.SportSectionTest" name="testSectionToStringContainsDependencies" time="0.000"/>
</testsuite> <!-- ua.khpi.oop.lab04.SportSectionTest -->
