<?xml version="1.0" encoding="UTF-8"?>
<!-- Generated by org.testng.reporters.JUnitReportReporter -->
<testsuite hostname="qewbye" failures="0" tests="3" name="ua.khpi.oop.lab04.StudentTest" time="0.002" errors="0" timestamp="2026-05-31T09:38:20 EEST" skipped="0">
  <testcase classname="ua.khpi.oop.lab04.StudentTest" name="testStudentCreation" time="0.001"/>
  <testcase classname="ua.khpi.oop.lab04.StudentTest" name="testStudentCreation" time="0.000"/>
  <testcase classname="ua.khpi.oop.lab04.StudentTest" name="testStudentCreation" time="0.001"/>
</testsuite> <!-- ua.khpi.oop.lab04.StudentTest -->
