<?xml version="1.0" encoding="UTF-8"?>
<testsuite xmlns:xsi="http://www.w3.org/2001/XMLSchema-instance" xsi:noNamespaceSchemaLocation="https://maven.apache.org/surefire/maven-surefire-plugin/xsd/surefire-test-report.xsd" version="3.0.2" name="ua.khpi.oop.lab08.persistence.WorkspaceFileManagerTest" time="0.081" tests="3" errors="0" skipped="0" failures="0">
  <properties>
[...]
</properties>
  <testcase name="fileManagerShouldSerializeAndDeserialize" classname="ua.khpi.oop.lab08.persistence.WorkspaceFileManagerTest" time="0.066"/>
  <testcase name="fileManagerShouldSaveAndLoadTextFile" classname="ua.khpi.oop.lab08.persistence.WorkspaceFileManagerTest" time="0.006"/>
  <testcase name="fileManagerShouldThrowExceptionForBrokenTextFile" classname="ua.khpi.oop.lab08.persistence.WorkspaceFileManagerTest" time="0.008"/>
</testsuite>