<?xml version="1.0" encoding="UTF-8"?>
<!-- Generated by org.testng.reporters.JUnitReportReporter -->
<testsuite hostname="qewbye" failures="0" tests="2" name="ua.khpi.oop.lab05.MedicalBuildingTest" time="0.003" errors="0" timestamp="2026-05-31T20:46:20 EEST" skipped="0">
  <testcase classname="ua.khpi.oop.lab05.MedicalBuildingTest" name="medicalBuildingShouldStoreOwnAndParentFields" time="0.001"/>
  <testcase classname="ua.khpi.oop.lab05.MedicalBuildingTest" name="medicalBuildingDescriptionShouldContainMainInformation" time="0.002"/>
</testsuite> <!-- ua.khpi.oop.lab05.MedicalBuildingTest -->
