<?xml version="1.0" encoding="UTF-8"?>
<!-- Generated by org.testng.reporters.JUnitReportReporter -->
<testsuite hostname="qewbye" failures="0" tests="2" name="ua.khpi.oop.lab05.BuildingTest" time="0.006" errors="0" timestamp="2026-05-31T20:46:20 EEST" skipped="0">
  <testcase classname="ua.khpi.oop.lab05.BuildingTest" name="descriptionReturnsCorrectText" time="0.000"/>
  <testcase classname="ua.khpi.oop.lab05.BuildingTest" name="constructorSetsFields" time="0.006"/>
</testsuite> <!-- ua.khpi.oop.lab05.BuildingTest -->
