<?xml version="1.0" encoding="UTF-8"?>
<!-- Generated by org.testng.reporters.JUnitReportReporter -->
<testsuite hostname="qewbye" failures="0" tests="2" name="ua.khpi.oop.lab06.DeliveryMethodPolymorphismTest" time="0.002" errors="0" timestamp="2026-06-01T11:25:17 EEST" skipped="0">
  <testcase classname="ua.khpi.oop.lab06.DeliveryMethodPolymorphismTest" name="shouldCallCalculatePriceThroughBaseType" time="0.001"/>
  <testcase classname="ua.khpi.oop.lab06.DeliveryMethodPolymorphismTest" name="shouldUseConcreteInfoThroughBaseType" time="0.001"/>
</testsuite> <!-- ua.khpi.oop.lab06.DeliveryMethodPolymorphismTest -->
